[2025-05-19 12:23:11.929709] 🏭 Bootcamp-IA-P4/Clasificaci-n_Multiclase_equipo_6
[2025-05-19 12:23:12.190667] 1. Nho89 - 1 contribuciones
[2025-05-19 12:23:12.192689] ✅ Acceso a la página principal
[2025-05-19 12:23:12.442710] ✅ Última versión: v1.0.0
[2025-05-19 12:23:12.592899] 🏭 Bootcamp-IA-P4/Clasificaci-n_Multiclase_equipo_6
[2025-05-19 12:23:12.710759] 1. Nho89 - 1 contribuciones
[2025-05-19 12:23:12.711725] ✅ Acceso a la página principal
[2025-05-19 12:23:12.839864] ✅ Última versión: v1.0.0
[2025-05-19 12:23:23.836673] 🏭 Bootcamp-IA-P4/Clasificaci-n_Multiclase_equipo_6
[2025-05-19 12:23:23.938997] 1. Nho89 - 1 contribuciones
[2025-05-19 12:23:23.939963] ✅ Acceso a la página principal
[2025-05-19 12:23:24.042192] ✅ Última versión: v1.0.0
[2025-05-19 12:24:58.804218] ✅ Recibido datos {'age': 25.0, 'gender': 'M', 'height_cm': 180.0, 'weight_kg': 75.0, 'body_fat_%': 23.148148148148145, 'diastolic': 120.0, 'systolic': 80.0, 'gripForce': 45.0, 'sit_and_bend_forward_cm': 20.0, 'sit-ups_counts': 45, 'broad_jump_cm': 100.0}
[2025-05-19 12:26:19.133582] 🏭 Bootcamp-IA-P4/Clasificaci-n_Multiclase_equipo_6
[2025-05-19 12:26:19.424485] 1. Nho89 - 1 contribuciones
[2025-05-19 12:26:19.435482] ✅ Acceso a la página principal
[2025-05-19 12:26:19.682499] ✅ Última versión: v1.0.0
[2025-05-19 12:30:35.193763] 🏭 Bootcamp-IA-P4/Clasificaci-n_Multiclase_equipo_6
[2025-05-19 12:30:35.454468] 1. Nho89 - 1 contribuciones
[2025-05-19 12:30:35.455470] ✅ Acceso a la página principal
[2025-05-19 12:30:35.689930] ✅ Última versión: v1.0.0
[2025-05-19 12:35:12.919479] 🏭 Bootcamp-IA-P4/Clasificaci-n_Multiclase_equipo_6
[2025-05-19 12:35:13.207883] 1. Nho89 - 1 contribuciones
[2025-05-19 12:35:13.208997] ✅ Acceso a la página principal
[2025-05-19 12:35:13.485626] ✅ Última versión: v1.0.0
[2025-05-19 12:36:03.589535] 🏭 Bootcamp-IA-P4/Clasificaci-n_Multiclase_equipo_6
[2025-05-19 12:36:03.850424] 1. Nho89 - 1 contribuciones
[2025-05-19 12:36:03.851437] ✅ Acceso a la página principal
[2025-05-19 12:36:04.113652] ✅ Última versión: v1.0.0
[2025-05-19 12:38:41.913976] 🏭 Bootcamp-IA-P4/Clasificaci-n_Multiclase_equipo_6
[2025-05-19 12:38:42.201948] 1. Nho89 - 1 contribuciones
[2025-05-19 12:38:42.202906] ✅ Acceso a la página principal
[2025-05-19 12:38:42.471134] ✅ Última versión: v1.0.0
[2025-05-19 12:45:08.938273] 🏭 Bootcamp-IA-P4/Clasificaci-n_Multiclase_equipo_6
[2025-05-19 12:45:09.185931] 1. Nho89 - 1 contribuciones
[2025-05-19 12:45:09.186927] ✅ Acceso a la página principal
[2025-05-19 12:45:09.418381] ✅ Última versión: v1.0.0
[2025-05-19 12:47:20.504764] 🏭 Bootcamp-IA-P4/Clasificaci-n_Multiclase_equipo_6
[2025-05-19 12:47:20.789620] 1. Nho89 - 1 contribuciones
[2025-05-19 12:47:20.790645] ✅ Acceso a la página principal
[2025-05-19 12:47:21.034083] ✅ Última versión: v1.0.0
[2025-05-19 12:47:53.605499] 🏭 Bootcamp-IA-P4/Clasificaci-n_Multiclase_equipo_6
[2025-05-19 12:47:53.854726] 1. Nho89 - 1 contribuciones
[2025-05-19 12:47:53.856728] ✅ Acceso a la página principal
[2025-05-19 12:47:54.087264] ✅ Última versión: v1.0.0
[2025-05-19 12:49:31.906548] 🏭 Bootcamp-IA-P4/Clasificaci-n_Multiclase_equipo_6
[2025-05-19 12:49:32.169847] 1. Nho89 - 1 contribuciones
[2025-05-19 12:49:32.171263] ✅ Acceso a la página principal
[2025-05-19 12:49:32.432744] ✅ Última versión: v1.0.0
[2025-05-19 12:51:03.041333] 🏭 Bootcamp-IA-P4/Clasificaci-n_Multiclase_equipo_6
[2025-05-19 12:51:03.295284] 1. Nho89 - 1 contribuciones
[2025-05-19 12:51:03.296303] ✅ Acceso a la página principal
[2025-05-19 12:51:03.541861] ✅ Última versión: v1.0.0
[2025-05-19 12:52:18.798874] 🏭 Bootcamp-IA-P4/Clasificaci-n_Multiclase_equipo_6
[2025-05-19 12:52:18.901792] ❌ Error al obtener contribuidores: 403 - {"message":"API rate limit exceeded for 80.29.160.148. (But here's the good news: Authenticated requests get a higher rate limit. Check out the documentation for more details.)","documentation_url":"https://docs.github.com/rest/overview/resources-in-the-rest-api#rate-limiting"}

[2025-05-19 12:52:18.903818] ✅ Acceso a la página principal
[2025-05-19 12:52:19.007842] ❌ GitHub API error.
[2025-05-19 12:52:49.768422] ❌ Error al obtener datos: 403 - {"message":"API rate limit exceeded for 80.29.160.148. (But here's the good news: Authenticated requests get a higher rate limit. Check out the documentation for more details.)","documentation_url":"https://docs.github.com/rest/overview/resources-in-the-rest-api#rate-limiting"}

[2025-05-19 12:52:49.874736] ❌ Error al obtener contribuidores: 403 - {"message":"API rate limit exceeded for 80.29.160.148. (But here's the good news: Authenticated requests get a higher rate limit. Check out the documentation for more details.)","documentation_url":"https://docs.github.com/rest/overview/resources-in-the-rest-api#rate-limiting"}

[2025-05-19 12:52:49.875750] ✅ Acceso a la página principal
[2025-05-19 12:52:49.980058] ❌ GitHub API error.
[2025-05-19 12:53:15.940470] ❌ Error al obtener datos: 403 - {"message":"API rate limit exceeded for 80.29.160.148. (But here's the good news: Authenticated requests get a higher rate limit. Check out the documentation for more details.)","documentation_url":"https://docs.github.com/rest/overview/resources-in-the-rest-api#rate-limiting"}

[2025-05-19 12:53:16.067371] ❌ Error al obtener contribuidores: 403 - {"message":"API rate limit exceeded for 80.29.160.148. (But here's the good news: Authenticated requests get a higher rate limit. Check out the documentation for more details.)","documentation_url":"https://docs.github.com/rest/overview/resources-in-the-rest-api#rate-limiting"}

[2025-05-19 12:53:16.069319] ✅ Acceso a la página principal
[2025-05-19 12:53:16.181343] ❌ GitHub API error.
[2025-05-19 13:02:35.973514] ❌ Error al obtener datos: 403 - {"message":"API rate limit exceeded for 80.29.160.148. (But here's the good news: Authenticated requests get a higher rate limit. Check out the documentation for more details.)","documentation_url":"https://docs.github.com/rest/overview/resources-in-the-rest-api#rate-limiting"}

[2025-05-19 13:02:36.102434] ❌ Error al obtener contribuidores: 403 - {"message":"API rate limit exceeded for 80.29.160.148. (But here's the good news: Authenticated requests get a higher rate limit. Check out the documentation for more details.)","documentation_url":"https://docs.github.com/rest/overview/resources-in-the-rest-api#rate-limiting"}

[2025-05-19 13:02:36.104438] ✅ Acceso a la página principal
[2025-05-19 13:02:36.211769] ❌ GitHub API error.
[2025-05-19 13:11:10.823028] 🏭 Bootcamp-IA-P4/Clasificaci-n_Multiclase_equipo_6
[2025-05-19 13:11:11.088564] 1. Nho89 - 1 contribuciones
[2025-05-19 13:11:11.089467] ✅ Acceso a la página principal
[2025-05-19 13:11:11.329470] ✅ Última versión: v1.0.0
[2025-05-19 11:22:20.818702] 🏭 Bootcamp-IA-P4/Clasificaci-n_Multiclase_equipo_6
[2025-05-19 11:22:21.233690] 1. Nho89 - 1 contribuciones
[2025-05-19 11:22:21.240337] ✅ Acceso a la página principal
[2025-05-19 11:22:21.541234] ✅ Última versión: v1.0.0
[2025-05-19 11:22:37.067207] 🏭 Bootcamp-IA-P4/Clasificaci-n_Multiclase_equipo_6
[2025-05-19 11:22:37.250223] 1. Nho89 - 1 contribuciones
[2025-05-19 11:22:37.256375] ✅ Acceso a la página principal
[2025-05-19 11:22:37.443157] ✅ Última versión: v1.0.0
